  Zoologico.cpp
c:\users\pc\source\repos\zoologico\zoologico\aguila.h(4): warning C4584: 'aguila': la clase base 'Animal' ya es una clase base de 'ave'
  c:\users\pc\source\repos\zoologico\zoologico\animales.h(9): note: vea la declaración de 'Animal'
  c:\users\pc\source\repos\zoologico\zoologico\oviparos.h(9): note: vea la declaración de 'ave'
c:\users\pc\source\repos\zoologico\zoologico\caballito_mar.h(4): warning C4584: 'caballito_mar': la clase base 'Animal' ya es una clase base de 'pez'
  c:\users\pc\source\repos\zoologico\zoologico\animales.h(9): note: vea la declaración de 'Animal'
  c:\users\pc\source\repos\zoologico\zoologico\oviparos.h(27): note: vea la declaración de 'pez'
c:\users\pc\source\repos\zoologico\zoologico\cocodrilo.h(5): warning C4584: 'cocodrilo': la clase base 'Animal' ya es una clase base de 'reptil'
  c:\users\pc\source\repos\zoologico\zoologico\animales.h(9): note: vea la declaración de 'Animal'
  c:\users\pc\source\repos\zoologico\zoologico\oviparos.h(18): note: vea la declaración de 'reptil'
c:\users\pc\source\repos\zoologico\zoologico\delfin.h(5): warning C4584: 'delfin': la clase base 'Animal' ya es una clase base de 'mamifero_acuatico'
  c:\users\pc\source\repos\zoologico\zoologico\animales.h(9): note: vea la declaración de 'Animal'
  c:\users\pc\source\repos\zoologico\zoologico\mamifero.h(17): note: vea la declaración de 'mamifero_acuatico'
c:\users\pc\source\repos\zoologico\zoologico\hiena.h(5): warning C4584: 'hiena': la clase base 'Animal' ya es una clase base de 'canino'
  c:\users\pc\source\repos\zoologico\zoologico\animales.h(9): note: vea la declaración de 'Animal'
  c:\users\pc\source\repos\zoologico\zoologico\mamifero.h(13): note: vea la declaración de 'canino'
c:\users\pc\source\repos\zoologico\zoologico\leon.h(6): warning C4584: 'leon': la clase base 'Animal' ya es una clase base de 'felino'
  c:\users\pc\source\repos\zoologico\zoologico\animales.h(9): note: vea la declaración de 'Animal'
  c:\users\pc\source\repos\zoologico\zoologico\mamifero.h(8): note: vea la declaración de 'felino'
c:\users\pc\source\repos\zoologico\zoologico\iguana.h(5): warning C4584: 'iguana': la clase base 'Animal' ya es una clase base de 'reptil'
  c:\users\pc\source\repos\zoologico\zoologico\animales.h(9): note: vea la declaración de 'Animal'
  c:\users\pc\source\repos\zoologico\zoologico\oviparos.h(18): note: vea la declaración de 'reptil'
c:\users\pc\source\repos\zoologico\zoologico\tigre.h(5): warning C4584: 'tigre': la clase base 'Animal' ya es una clase base de 'felino'
  c:\users\pc\source\repos\zoologico\zoologico\animales.h(9): note: vea la declaración de 'Animal'
  c:\users\pc\source\repos\zoologico\zoologico\mamifero.h(8): note: vea la declaración de 'felino'
c:\users\pc\source\repos\zoologico\zoologico\tiburon.h(5): warning C4584: 'tiburon': la clase base 'Animal' ya es una clase base de 'pez'
  c:\users\pc\source\repos\zoologico\zoologico\animales.h(9): note: vea la declaración de 'Animal'
  c:\users\pc\source\repos\zoologico\zoologico\oviparos.h(27): note: vea la declaración de 'pez'
c:\users\pc\source\repos\zoologico\zoologico\lobo.h(4): warning C4584: 'lobo': la clase base 'Animal' ya es una clase base de 'canino'
  c:\users\pc\source\repos\zoologico\zoologico\animales.h(9): note: vea la declaración de 'Animal'
  c:\users\pc\source\repos\zoologico\zoologico\mamifero.h(13): note: vea la declaración de 'canino'
c:\users\pc\source\repos\zoologico\zoologico\loro.h(4): warning C4584: 'loro': la clase base 'Animal' ya es una clase base de 'ave'
  c:\users\pc\source\repos\zoologico\zoologico\animales.h(9): note: vea la declaración de 'Animal'
  c:\users\pc\source\repos\zoologico\zoologico\oviparos.h(9): note: vea la declaración de 'ave'
c:\users\pc\source\repos\zoologico\zoologico\puma.h(5): warning C4584: 'puma': la clase base 'Animal' ya es una clase base de 'felino'
  c:\users\pc\source\repos\zoologico\zoologico\animales.h(9): note: vea la declaración de 'Animal'
  c:\users\pc\source\repos\zoologico\zoologico\mamifero.h(8): note: vea la declaración de 'felino'
c:\users\pc\source\repos\zoologico\zoologico\zoologico.cpp(44): warning C4018: '<': no coinciden signed/unsigned
  Zoologico.vcxproj -> C:\Users\PC\source\repos\Zoologico\Debug\Zoologico.exe
